<?xml version="1.0" encoding="UTF-8"?>
<!-- Generated by org.testng.reporters.JUnitReportReporter -->
<testsuite hostname="LAPTOP-8QI28HGD" failures="0" tests="1" name="AutomationExerciseTestCase.ScrollWithArrow" time="35.449" errors="0" timestamp="2025-06-29T17:37:34 IST" skipped="0">
  <testcase classname="AutomationExerciseTestCase.ScrollWithArrow" name="ScrollWithArrow" time="35.449"/>
  <system-out/>
</testsuite> <!-- AutomationExerciseTestCase.ScrollWithArrow -->
