<?xml version="1.0" encoding="UTF-8"?>
<!-- Generated by org.testng.reporters.JUnitReportReporter -->
<testsuite hostname="LAPTOP-8QI28HGD" failures="0" tests="1" name="AutomationExerciseTestCase.PlaceOrderRegisterWhileCheckout" time="44.575" errors="0" timestamp="2025-06-28T14:43:16 IST" skipped="0">
  <testcase classname="AutomationExerciseTestCase.PlaceOrderRegisterWhileCheckout" name="PlaceOrderRegisterWhileCheckout" time="44.575"/>
  <system-out/>
</testsuite> <!-- AutomationExerciseTestCase.PlaceOrderRegisterWhileCheckout -->
