<?xml version="1.0" encoding="UTF-8"?>
<!-- Generated by org.testng.reporters.JUnitReportReporter -->
<testsuite hostname="LAPTOP-8QI28HGD" failures="0" tests="1" name="AutomationExerciseTestCase.VerifyAddressDetailsInCheckoutPage" time="121.865" errors="0" timestamp="2025-06-28T22:27:54 IST" skipped="0">
  <testcase classname="AutomationExerciseTestCase.VerifyAddressDetailsInCheckoutPage" name="VerifyAddressDetailsInCheckoutPage" time="121.865"/>
  <system-out/>
</testsuite> <!-- AutomationExerciseTestCase.VerifyAddressDetailsInCheckoutPage -->
