<?xml version="1.0" encoding="UTF-8"?>
<!-- Generated by org.testng.reporters.JUnitReportReporter -->
<testsuite hostname="LAPTOP-8QI28HGD" failures="0" tests="1" name="AutomationExerciseTestCase.AddReviewOnProduct" time="25.515" errors="0" timestamp="2025-06-28T21:47:44 IST" skipped="0">
  <testcase classname="AutomationExerciseTestCase.AddReviewOnProduct" name="AddReviewOnProduct" time="25.515"/>
  <system-out/>
</testsuite> <!-- AutomationExerciseTestCase.AddReviewOnProduct -->
