<?xml version="1.0" encoding="UTF-8"?>
<!-- Generated by org.testng.reporters.JUnitReportReporter -->
<testsuite hostname="LAPTOP-8QI28HGD" failures="0" tests="1" name="AutomationExerciseTestCase.AddsProductInCart" time="15.956" errors="0" timestamp="2025-06-28T12:40:59 IST" skipped="0">
  <testcase classname="AutomationExerciseTestCase.AddsProductInCart" name="AddsProductInCart" time="15.956"/>
  <system-out/>
</testsuite> <!-- AutomationExerciseTestCase.AddsProductInCart -->
