<?xml version="1.0" encoding="UTF-8"?>
<!-- Generated by org.testng.reporters.JUnitReportReporter -->
<testsuite hostname="LAPTOP-8QI28HGD" failures="0" tests="1" name="AutomationExerciseTestCase.ViewProductCard" time="10.065" errors="0" timestamp="2025-06-28T15:18:56 IST" skipped="0">
  <testcase classname="AutomationExerciseTestCase.ViewProductCard" name="ViewProductCard" time="10.065"/>
  <system-out/>
</testsuite> <!-- AutomationExerciseTestCase.ViewProductCard -->
