<?xml version="1.0" encoding="UTF-8"?>
<!-- Generated by org.testng.reporters.JUnitReportReporter -->
<testsuite hostname="LAPTOP-8QI28HGD" failures="0" tests="1" name="AutomationExerciseTestCase.PlaceOrderLoginBeforeCheckout" time="33.199" errors="0" timestamp="2025-06-28T14:58:29 IST" skipped="0">
  <testcase classname="AutomationExerciseTestCase.PlaceOrderLoginBeforeCheckout" name="PlaceOrderLoginBeforeCheckout" time="33.199"/>
  <system-out/>
</testsuite> <!-- AutomationExerciseTestCase.PlaceOrderLoginBeforeCheckout -->
