<?xml version="1.0" encoding="UTF-8"?>
<!-- Generated by org.testng.reporters.JUnitReportReporter -->
<testsuite hostname="LAPTOP-8QI28HGD" failures="0" tests="1" name="AutomationExerciseTestCase.VerifyAllProductAndProductDetailPage" time="12.970" errors="0" timestamp="2025-06-28T12:23:42 IST" skipped="0">
  <testcase classname="AutomationExerciseTestCase.VerifyAllProductAndProductDetailPage" name="VerifyAllProductAndProductDetailPage" time="12.970"/>
  <system-out/>
</testsuite> <!-- AutomationExerciseTestCase.VerifyAllProductAndProductDetailPage -->
