<?xml version="1.0" encoding="UTF-8"?>
<!-- Generated by org.testng.reporters.JUnitReportReporter -->
<testsuite hostname="LAPTOP-8QI28HGD" failures="0" tests="1" name="AutomationExerciseTestCase.RemoveProductsFromCart" time="16.358" errors="0" timestamp="2025-06-28T15:04:21 IST" skipped="0">
  <testcase classname="AutomationExerciseTestCase.RemoveProductsFromCart" name="RemoveProductsFromCart" time="16.358"/>
  <system-out/>
</testsuite> <!-- AutomationExerciseTestCase.RemoveProductsFromCart -->
