<?xml version="1.0" encoding="UTF-8"?>
<!-- Generated by org.testng.reporters.JUnitReportReporter -->
<testsuite hostname="LAPTOP-8QI28HGD" failures="0" tests="1" name="PomPages.AdvanceSeleniumMock1" time="39.119" errors="0" timestamp="2025-07-05T12:11:03 IST" skipped="0">
  <testcase classname="PomPages.AdvanceSeleniumMock1" name="getdata" time="39.119"/>
  <system-out/>
</testsuite> <!-- PomPages.AdvanceSeleniumMock1 -->
